<?xml version="1.0" encoding="UTF-8"?>
<!-- Generated by org.testng.reporters.JUnitReportReporter -->
<testsuite hostname="TT-133" failures="0" tests="1" name="com.apidemos.practice.testApp" time="21.865" errors="0" timestamp="2020-04-22T16:17:03 IST" skipped="0">
  <testcase classname="com.apidemos.practice.testApp" name="Test" time="21.865"/>
</testsuite> <!-- com.apidemos.practice.testApp -->
