<?xml version="1.0" encoding="UTF-8"?>
<!-- Generated by org.testng.reporters.JUnitReportReporter -->
<testsuite hostname="TT-133" failures="0" tests="1" name="com.apidemos.practice.NaukriScrollDown" time="37.090" errors="0" timestamp="2020-04-22T10:43:39 IST" skipped="0">
  <testcase classname="com.apidemos.practice.NaukriScrollDown" name="screenScrolldown" time="37.090"/>
  <system-out/>
</testsuite> <!-- com.apidemos.practice.NaukriScrollDown -->
