<?xml version="1.0" encoding="UTF-8"?>
<!-- Generated by org.testng.reporters.JUnitReportReporter -->
<testsuite hostname="TT-133" failures="0" tests="1" name="com.apidemos.practice.VerticalScrollDown" time="16.193" errors="0" timestamp="2020-04-22T10:44:43 IST" skipped="0">
  <testcase classname="com.apidemos.practice.VerticalScrollDown" name="VerticalScrollDownfn" time="16.193"/>
  <system-out/>
</testsuite> <!-- com.apidemos.practice.VerticalScrollDown -->
